Original number was 1000
1000 - 1 = 999
999 - 999 = 0
0 - 0 = 0
Chain length 3

Original number was 100
100 - 1 = 99
99 - 99 = 0
0 - 0 = 0
Chain length 3

Original number was 100000000
100000000 - 1 = 99999999
99999999 - 99999999 = 0
0 - 0 = 0
Chain length 3

Original number was 67779000
97776000 - 67779 = 97708221
98772210 - 1227789 = 97544421
97544421 - 12444579 = 85099842
99885420 - 2458899 = 97426521
97654221 - 12245679 = 85408542
88554420 - 2445588 = 86108832
88863210 - 1236888 = 87626322
87663222 - 22236678 = 65426544
66554442 - 24445566 = 42108876
88764210 - 1246788 = 87517422
87754221 - 12245778 = 75508443
87554430 - 3445578 = 84108852
88854210 - 1245888 = 87608322
88763220 - 2236788 = 86526432
86654322 - 22345668 = 64308654
86654430 - 3445668 = 83208762
88763220 - 2236788 = 86526432
Chain length 17

