6A1B14C
11123124
911111
1abcd1
1abcd11231
1abcd1212223
1111
9151
1ab14c3d911abcd1
111212311121
6A1B14C
11123124
1ABCDEFGHIJKLmNOPQRSTUVWXYZ1
101
1)12Y1):1
1S12 1J1
4 101211OL1
1A^11011;1
11123456789091
21123456789091
919161
2122

95151

1abcd1
1abcd11231
1abcd1212223
1111
9151
1ab14c3d911abcd1
6A1B14C
11123124
1gsuaE15m1614B1YU912E1lRkJMB13j2G5w6I1AZ914I1R14A1OMZNnr1561g16Z1Ej9jfUSNKyAwhTm014J1n4MmQ8S1114m1e13K3X1UA12l1z12n18pRDV7pSJt9sGT60I16L3c1D14I1YFE16y1BUoUk12j1H14B15sAxKJVAKM16K1blz11AQqrh14j1W6rDjIOZ13Q1itCJ3QIydh14w1nZ213y12ZJF12g1315a
1bn5U14M1jvbl11PRBE12U1111464R2W1GlR12i1Aqb16m6R1kD16b1aFf13k3L1OXha89wO16s
1hM83O12E2u1Tv7N715U5Z1it16M1k11J1571cML14v1L13q1AV15o585s6a6S1EwuBNpkT16j1ph13w1a12l2K
1cj0Ws4yLWZ16U1501
190fK6Da3SO14g556L1rulOT14o1UM12l1De16s1hcrMS6NcniS119UcStREG15F4C1k6rm3B16h3K1GhU7l15o1aGM5O31
13or12m3s1Z5RdFs15G1cnCOy3rH11x9w14M1VLhA13p6G1015N12AZtRB12S1WyIRQD8h12e1RWKiT12q534f1Y8pPzvwyE6VLDm16w
1Y16H1KCm1481V1201913k6R1LF812H1o15H1N13r1413I1Fc9bj815k18Hv612k3w
1C15z1xqYpfwH1521v15P3D5p1i12D6k1xdqvi15r16V15o1eg13z
1ujFcw16j1TxQpCc15L142P15N1zI15t14H5k15r1z16p3S1hDREgdmV14d1s14r1liryb16Y1v15Y5N6y1364ztDF13b2B1iDn14t2k1P3av71556l18R14b1UyR12z1m16a134uNwG13q4T1p11W15G1JFf16H2y1m4l15F19SP13N5Z5H1P9pIiq12V1AK15o1HeIGbv1
1vHk4Iz14h3i1Z1681z13I4F2b321YNmGjf14t1mxVX13n16LZ12H1i12L1iEQikvLa14C1715s1U4OHSiom15y14Vp16v1S12F1mN16s3210Q12w1h1461j14m211N412s16XdlISdpx16V1Ce16l1MD15S1U612U
131456O1Mo16j1DSe13q241O213K1wYiEOo15j2U10xp12918Dg13H2a1i16R1Emk12b1EbumzRkbBopYFUE13u5x281S15i15Iv014e1zy1
6L4T1xF12C1Do12m1w16A6Q1912X5Z1r12I1dm16V1g15B
1rN614o
1Hb16y2W1m15Z1NhC12B65101681me14J1Zs13V4k1Y1696d2u6F1Yfx16g1RWN13x1mG14M1T16k1W15n1iPe14a18ihi5i8EQ3iJLA16Q1BA6I9W40nqTwNrs15F1m11sVJ13O3c2T3s5N1Z14h1XJH65h15513VvsXS14Y13t14S
1M3k14C4R1QCg14735401Ws13d1l14v1jwan15k1wftHTd16q2d5m3I1NQyNAE15T1Z14K1T8I16E1JLF15r7z1HA13217y15T1616r1Ng13N4z1p14z1F16o1e3F16z1vYD4C17y4017o616m1qL5oa15T1d14U1vhZ8JyClFCpH13D1Ylu5ojs13j6D3f1YJ1
1keoq15o13015g4p4w1416u1Z15h1v15D
1YW13E5d1Ic14v1R414x4W15g12i231fJCw016P412G1mB2cd2uwo512k1tXpW14s1u16J1Y15w1fC8sc4z16c1411tW15b1igAL13p1sGbzBCb13k1o3Du12q1bHkRchYxNy16x2Y6V1rJA16Z5d5T
5d1a15q1G14F4p1If13e1Y1441613m1p16t17A0gn54l12o1c16A
3d391b14P1EZSusm814c1l15P3k3Z1FXn7wloOP13D2A211m12r1z0g214b6H1paL15O1e146581F15t1P13D1WXmugiflj12T1bmaYj12x16H12o1v12s6x1eDT13i1K16C1zhwq13s1rB1251W111351PX4bLgA16i
3p1C12z1Cx16m4l1h15r1MuVTj13t1aHbmGKWF12I10n15f1SlYNwdlZavQ15j1CDtl15v1U11a14c1v8a15M128bW0111206f18012v111GvL16o1wJXv13w1Zj4YZV14b1a17L3w1eKU16E1a1341QcY15o111zG7E1261f5TIeXx11VRL11il16K5h1v12l129aXF1141
5A1B14C
11123124
40
10110111
1110110111
1110121
41
1111201111
111130
10131
10121101
10110111
111190
1112111
1111
12121
91911111
919121
9a
9a1a1
9a2a
1a1
1111
21
31
91
911111
9121
9112111
1112112111
11112a1b12a1b12a1b12a1b12a1b12a1b12a1b12a1b12a1b12a1b1
