Case #1: Aleksandar Andras Anshuman Erling Manohar Xiao
Case #2: Anh Luiz Ranjeeth Roman Steaphan Weitao Zihing
Case #3: Anshuman Manohar Meihong Nima
Case #4: Anil Aravind Jan Victor Viswanath
Case #5: Aravind Mehdi Weiyan Xiao
Case #6: Chirag Viswanath
Case #7: Anil Lin Phil Ranjeeth Song Torbjorn
Case #8: Anshuman Atol Paul Wai
Case #9: Anil Igor Purav Sanjeet
Case #10: Lingjuan Zejia
Case #11: Atol Clifton Doan John Purav Song
Case #12: Purav Slawek Wai Weiyan
Case #13: Anil Doan Duc Fabien Manohar Paul Rajat Yintao
Case #14: Bhuwan Duc Fabien Meihong Vlad Wai
Case #15: Andriy David Dmytro Jan John Slawek
Case #16: Andriy Jan Lingjuan Wenjie Xiao Yingsheng
Case #17: Fabien Weiyan
Case #18: Andrei Doan Ekansh Erling Fabien Zef
Case #19: Doan John
Case #20: Doan Duc Gaurav John Jordan Liang Rudradev Thomas Viswanath
