i: 0 -> 1
i: 1 -> 1
i: 2 -> 1
i: 3 -> 1
i: 4 -> 1
i: 5 -> 1
i: 6 -> 1
i: 7 -> 1
i: 8 -> 1
i: 9 -> 1
i: 10 -> 1
i: 11 -> 1
i: 12 -> 1
i: 13 -> 1
i: 14 -> 1
i: 15 -> 1
i: 16 -> 1
i: 17 -> 1
i: 18 -> 1
i: 19 -> 1
i: 20 -> 1
i: 21 -> 1
i: 22 -> 1
i: 23 -> 1
i: 24 -> 1
i: 25 -> 1
i: 26 -> 1
i: 27 -> 1
i: 28 -> 1
i: 29 -> 1
i: 30 -> 1
i: 31 -> 1
i: 32 -> 1
i: 33 -> 1
i: 34 -> 1
i: 35 -> 1
i: 36 -> 1
i: 37 -> 1
i: 38 -> 1
i: 39 -> 1
i: 40 -> 1
i: 41 -> 1
i: 42 -> 1
i: 43 -> 1
i: 44 -> 1
i: 45 -> 1
i: 46 -> 1
i: 47 -> 1
i: 48 -> 1
i: 49 -> 1
i: 50 -> 2
i: 51 -> 4
i: 52 -> 7
i: 53 -> 11
i: 54 -> 16
i: 55 -> 22
i: 56 -> 29
i: 57 -> 37
i: 58 -> 46
i: 59 -> 56
i: 60 -> 67
i: 61 -> 79
i: 62 -> 92
i: 63 -> 106
i: 64 -> 121
i: 65 -> 137
i: 66 -> 154
i: 67 -> 172
i: 68 -> 191
i: 69 -> 211
i: 70 -> 232
i: 71 -> 254
i: 72 -> 277
i: 73 -> 301
i: 74 -> 326
i: 75 -> 352
i: 76 -> 379
i: 77 -> 407
i: 78 -> 436
i: 79 -> 466
i: 80 -> 497
i: 81 -> 529
i: 82 -> 562
i: 83 -> 596
i: 84 -> 631
i: 85 -> 667
i: 86 -> 704
i: 87 -> 742
i: 88 -> 781
i: 89 -> 821
i: 90 -> 862
i: 91 -> 904
i: 92 -> 947
i: 93 -> 991
i: 94 -> 1036
i: 95 -> 1082
i: 96 -> 1129
i: 97 -> 1177
i: 98 -> 1226
i: 99 -> 1276
i: 100 -> 1327
i: 101 -> 1380
i: 102 -> 1437
i: 103 -> 1501
i: 104 -> 1576
i: 105 -> 1667
i: 106 -> 1780
i: 107 -> 1922
i: 108 -> 2101
i: 109 -> 2326
i: 110 -> 2607
i: 111 -> 2955
i: 112 -> 3382
i: 113 -> 3901
i: 114 -> 4526
i: 115 -> 5272
i: 116 -> 6155
i: 117 -> 7192
i: 118 -> 8401
i: 119 -> 9801
i: 120 -> 11412
i: 121 -> 13255
i: 122 -> 15352
i: 123 -> 17726
i: 124 -> 20401
i: 125 -> 23402
i: 126 -> 26755
i: 127 -> 30487
i: 128 -> 34626
i: 129 -> 39201
i: 130 -> 44242
i: 131 -> 49780
i: 132 -> 55847
i: 133 -> 62476
i: 134 -> 69701
i: 135 -> 77557
i: 136 -> 86080
i: 137 -> 95307
i: 138 -> 105276
i: 139 -> 116026
i: 140 -> 127597
i: 141 -> 140030
i: 142 -> 153367
i: 143 -> 167651
i: 144 -> 182926
i: 145 -> 199237
i: 146 -> 216630
i: 147 -> 235152
i: 148 -> 254851
i: 149 -> 275776
i: 150 -> 297977
i: 151 -> 321505
i: 152 -> 346413
i: 153 -> 372758
i: 154 -> 400604
i: 155 -> 430026
i: 156 -> 461115
i: 157 -> 493984
i: 158 -> 528775
i: 159 -> 565667
i: 160 -> 604885
i: 161 -> 646710
i: 162 -> 691490
i: 163 -> 739652
i: 164 -> 791715
i: 165 -> 848304
i: 166 -> 910165
i: 167 -> 978181
i: 168 -> 1053389
i: 169 -> 1136998
i: 170 -> 1230408
i: 171 -> 1335230
i: 172 -> 1453307
i: 173 -> 1586736
i: 174 -> 1737891
i: 175 -> 1909447
i: 176 -> 2104405
i: 177 -> 2326118
i: 178 -> 2578318
i: 179 -> 2865144
i: 180 -> 3191171
i: 181 -> 3561440
i: 182 -> 3981489
i: 183 -> 4457385
i: 184 -> 4995757
i: 185 -> 5603830
i: 186 -> 6289460
i: 187 -> 7061170
i: 188 -> 7928187
i: 189 -> 8900480
i: 190 -> 9988799
i: 191 -> 11204715
i: 192 -> 12560661
i: 193 -> 14069974
i: 194 -> 15746938
i: 195 -> 17606828
i: 196 -> 19665955
i: 197 -> 21941712
i: 198 -> 24452621
i: 199 -> 27218381
i: 200 -> 30259917
i: 201 -> 33599430
i: 202 -> 37260448
i: 203 -> 41267879
i: 204 -> 45648068
i: 205 -> 50428861
i: 206 -> 55639680
i: 207 -> 61311614
i: 208 -> 67477532
i: 209 -> 74172225
i: 210 -> 81432585
i: 211 -> 89297830
i: 212 -> 97809785
i: 213 -> 107013230
i: 214 -> 116956327
i: 215 -> 127691139
i: 216 -> 139274255
i: 217 -> 151767536
i: 218 -> 165238998
i: 219 -> 179763849
i: 220 -> 195425698
i: 221 -> 212317955
i: 222 -> 230545442
i: 223 -> 250226236
i: 224 -> 271493766
i: 225 -> 294499187
i: 226 -> 319414055
i: 227 -> 346433328
i: 228 -> 375778719
i: 229 -> 407702428
i: 230 -> 442491281
i: 231 -> 480471305
i: 232 -> 522012769
i: 233 -> 567535722
i: 234 -> 617516060
i: 235 -> 672492155
i: 236 -> 733072080
i: 237 -> 799941465
i: 238 -> 873872020
i: 239 -> 955730762
i: 240 -> 1046489984
i: 241 -> 1147238005
i: 242 -> 1259190741
i: 243 -> 1383704138
i: 244 -> 1522287509
i: 245 -> 1676617818
i: 246 -> 1848554955
i: 247 -> 2040158047
i: 248 -> 2253702851
i: 249 -> 2491700276
i: 250 -> 2756916082
i: 251 -> 3052391805
i: 252 -> 3381466958
i: 253 -> 3747802559
i: 254 -> 4155406039
i: 255 -> 4608657587
i: 256 -> 5112337996
i: 257 -> 5671658085
i: 258 -> 6292289788
i: 259 -> 6980399023
i: 260 -> 7742680483
i: 261 -> 8586394528
i: 262 -> 9519406403
i: 263 -> 10550228063
i: 264 -> 11688062953
i: 265 -> 12942854170
i: 266 -> 14325336526
i: 267 -> 15847093137
i: 268 -> 17520617284
i: 269 -> 19359380429
i: 270 -> 21377907423
i: 271 -> 23591860115
i: 272 -> 26018130762
i: 273 -> 28674946851
i: 274 -> 31581989176
i: 275 -> 34760525267
i: 276 -> 38233560545
i: 277 -> 42026009878
i: 278 -> 46164892539
i: 279 -> 50679553919
i: 280 -> 55601917727
i: 281 -> 60966772816
i: 282 -> 66812099210
i: 283 -> 73179438373
i: 284 -> 80114313258
i: 285 -> 87666704203
i: 286 -> 95891587303
i: 287 -> 104849542483
i: 288 -> 114607439128
i: 289 -> 125239207793
i: 290 -> 136826707220
i: 291 -> 149460696631
i: 292 -> 163241924047
i: 293 -> 178282342204
i: 294 -> 194706464499
i: 295 -> 212652874303
i: 296 -> 232275901925
i: 297 -> 253747484502
i: 298 -> 277259225126
i: 299 -> 303024668601
i: 300 -> 331281812352
i: 301 -> 362295872185
i: 302 -> 396362323823
i: 303 -> 433810242419
i: 304 -> 475005963574
i: 305 -> 520357090768
i: 306 -> 570316875549
i: 307 -> 625388998326
i: 308 -> 686132779188
i: 309 -> 753168849838
i: 310 -> 827185319511
i: 311 -> 908944469667
i: 312 -> 999290014351
i: 313 -> 1099154965438
i: 314 -> 1209570144588
i: 315 -> 1331673386691
i: 316 -> 1466719482964
i: 317 -> 1616090915763
i: 318 -> 1781309441699
i: 319 -> 1964048584919
i: 320 -> 2166147108568
i: 321 -> 2389623539640
i: 322 -> 2636691830827
i: 323 -> 2909778252776
i: 324 -> 3211539621576
i: 325 -> 3544882979552
i: 326 -> 3912986862795
i: 327 -> 4319324306583
i: 328 -> 4767687760249
i: 329 -> 5262216106454
i: 330 -> 5807424006578
i: 331 -> 6408233824429
i: 332 -> 7070010415096
i: 333 -> 7798599104973
i: 334 -> 8600367233223
i: 335 -> 9482249674731
i: 336 -> 10451798820442
i: 337 -> 11517239553456
i: 338 -> 12687529828953
i: 339 -> 13972427543578
i: 340 -> 15382564465996
i: 341 -> 16929528095634
i: 342 -> 18625952421903
i: 343 -> 20485618672219
i: 344 -> 22523567264739
i: 345 -> 24756222321758
i: 346 -> 27201530253080
i: 347 -> 29879114086327
i: 348 -> 32810445404076
i: 349 -> 36019035946951
i: 350 -> 39530651158427
i: 351 -> 43373548182255
i: 352 -> 47578741078268
i: 353 -> 52180296298104
i: 354 -> 57215661760359
i: 355 -> 62726033186188
i: 356 -> 68756761702785
i: 357 -> 75357807094931
i: 358 -> 82584241485403
i: 359 -> 90496808655063
i: 360 -> 99162544674561
i: 361 -> 108655466013570
i: 362 -> 119057331822246
i: 363 -> 130458487645273
i: 364 -> 142958798433738
i: 365 -> 156668679366791
i: 366 -> 171710233686535
i: 367 -> 188218507489243
i: 368 -> 206342872207714
i: 369 -> 226248546367884
i: 370 -> 248118269112973
i: 371 -> 272154138966630
i: 372 -> 298579632359927
i: 373 -> 327641817584051
i: 374 -> 359613781060951
i: 375 -> 394797284159427
i: 376 -> 433525670237455
i: 377 -> 476167043178278
i: 378 -> 523127740425684
i: 379 -> 574856125433339
i: 380 -> 631846726547448
i: 381 -> 694644751668135
i: 382 -> 763851010613251
i: 383 -> 840127279973463
i: 384 -> 924202148438648
i: 385 -> 1016877384137056
i: 386 -> 1119034869510195
i: 387 -> 1231644153703776
i: 388 -> 1355770677450813
i: 389 -> 1492584731026803
i: 390 -> 1643371212146371
i: 391 -> 1809540257731935
i: 392 -> 1992638831413133
i: 393 -> 2194363357516234
i: 394 -> 2416573502291554
i: 395 -> 2661307214331613
i: 396 -> 2930797148693430
i: 397 -> 3227488613308327
i: 398 -> 3554059192009551
i: 399 -> 3913440216114851
i: 400 -> 4308840276167102
i: 401 -> 4743770987377780
i: 402 -> 5222075246770713
i: 403 -> 5747958247241914
i: 404 -> 6326021544011219
i: 405 -> 6961300502540883
i: 406 -> 7659305494256735
i: 407 -> 8426067247675372
i: 408 -> 9268186808188940
i: 409 -> 10192890610187911
i: 410 -> 11208091220841945
i: 411 -> 12322454376170540
i: 412 -> 13545472997512705
i: 413 -> 14887548950677116
i: 414 -> 16360083391486800
i: 415 -> 17975576630730222
i: 416 -> 19747738549340435
i: 417 -> 21691610701637183
i: 418 -> 23823701361423174
i: 419 -> 26162134893416879
i: 420 -> 28726816971778468
i: 421 -> 31539617319253030
i: 422 -> 34624571805694222
i: 423 -> 38008105924495341
i: 424 -> 41719281860880511
i: 425 -> 45790071578326632
i: 426 -> 50255658579932180
i: 427 -> 55154771251775183
i: 428 -> 60530050966796464
i: 429 -> 66428458422243429
i: 430 -> 72901722003123733
i: 431 -> 80006832310551485
i: 432 -> 87806587369647372
i: 433 -> 96370193439356510
i: 434 -> 105773926789039111
i: 435 -> 116101862287160360
i: 436 -> 127446675169418665
i: 437 -> 139910522921187165
i: 438 -> 153606014826659441
i: 439 -> 168657277409582530
i: 440 -> 185201124723532422
i: 441 -> 203388343249628685
i: 442 -> 223385102033456883
i: 443 -> 245374499648698214
i: 444 -> 269558260621455779
i: 445 -> 296158595096504898
i: 446 -> 325420236785885630
i: 447 -> 357612675623959792
i: 448 -> 393032603075342281
i: 449 -> 432006589718734321
i: 450 -> 474894016578241212
i: 451 -> 522090283713915205
i: 452 -> 574030321836966978
i: 453 -> 631192435206789464
i: 454 -> 694102506823853864
i: 455 -> 763338599984929483
i: 456 -> 839535993648545985
i: 457 -> 923392692806419222
i: 458 -> 1015675459211967831
i: 459 -> 1117226412425705380
i: 460 -> 1228970256249630840
i: 461 -> 1351922191294398245
i: 462 -> 1487196580715336190
i: 463 -> 1636016443133786840
i: 464 -> 1799723854502914606
i: 465 -> 1979791349263529172
i: 466 -> 2177834420654873960
i: 467 -> 2395625230595559183
i: 468 -> 2635107651237881589
i: 469 -> 2898413773241627169
i: 470 -> 3187882030138789628
i: 471 -> 3506077104007730555
i: 472 -> 3855811795195924512
i: 473 -> 4240171058189812691
i: 474 -> 4662538427108196211
i: 475 -> 5126625077887460242
i: 476 -> 5636501800245050905
i: 477 -> 6196634181182573748
i: 478 -> 6811921333371871774
i: 479 -> 7487738536527966264
i: 480 -> 8229984198106304183
i: 481 -> 9045131581687765835
i: 482 -> 9940285797579778972
i: 483 -> 10923246600841439481
i: 484 -> 12002577597542456500
i: 485 -> 13187682521032512630
i: 486 -> 14488889306809729120
i: 487 -> 15917542767756364275
i: 488 -> 17486106751624186595
i: 489 -> 761532676609116740
i: 490 -> 2652359952713181031
i: 491 -> 4728388353540777744
i: 492 -> 7007805097618003142
i: 493 -> 9510606943728685423
i: 494 -> 12258783289488065918
i: 495 -> 15276517895868902192
i: 496 -> 143667023636691748
i: 497 -> 3782980461899918550
i: 498 -> 7779906575787105144
i: 499 -> 12169865292749634019
i: 500 -> 16991830599430897215
i: 501 -> 3841945848980850007
i: 502 -> 9660895455954269620
i: 503 -> 16053875384764656211
i: 504 -> 4631303675072280650
i: 505 -> 12349578545913310569
i: 506 -> 2384447943029718355
i: 507 -> 11705597407504223742
i: 508 -> 3503395491075596735
i: 509 -> 14763613107568489175
i: 510 -> 8694313062777535379
i: 511 -> 3853983274236212423
i: 512 -> 365575676989287712
i: 513 -> 16811108734167250807
i: 514 -> 16445914160769449126
i: 515 -> 17880443441874562051
i: 516 -> 2848019998533652532
i: 517 -> 8440175049557168589
i: 518 -> 16427955331176243829
i: 519 -> 8604099190323649042
i: 520 -> 3678656822712681424
i: 521 -> 1941096485240503434
i: 522 -> 3709613251776055999
i: 523 -> 9333941813507533076
i: 524 -> 751697359719271228
i: 525 -> 15278735406748757207
i: 526 -> 16485654457956151812
i: 527 -> 4882331235699045706
i: 528 -> 17922386268334064964
i: 529 -> 880874486921852764
i: 530 -> 9773845315747158444
i: 531 -> 8450056268969216691
i: 532 -> 16171398803879040773
i: 533 -> 15386283062659092211
i: 534 -> 7077669848571031514
i: 535 -> 10771634232025427317
i: 536 -> 9206537062802784134
i: 537 -> 3683585126680318455
i: 538 -> 14078175958314217051
i: 539 -> 5065385394153199010
i: 540 -> 15260871580310849325
i: 541 -> 9661973645472129055
i: 542 -> 8791464064174186529
i: 543 -> 14928759580494247145
i: 544 -> 12129917966833441568
i: 545 -> 3143115568951150293
i: 546 -> 9432831066937761210
i: 547 -> 15866213588561063875
i: 548 -> 7635832498374733474
i: 549 -> 7185357983975508217
i: 550 -> 458004688616365363
i: 551 -> 10722481992688119724
i: 552 -> 6382161072031172476
i: 553 -> 11702735607328494848
i: 554 -> 14630441453680921815
i: 555 -> 3742706901396077816
i: 556 -> 5204550895024544386
i: 557 -> 9050842831682729311
i: 558 -> 6155988102135586362
i: 559 -> 6764528863664040148
i: 560 -> 3689938659051431493
i: 561 -> 9309661517216358217
i: 562 -> 336623575907945748
i: 563 -> 10175905385298372607
i: 564 -> 18379551855146498657
i: 565 -> 6135624338344970601
i: 566 -> 11772140263418004596
i: 567 -> 1809932113315139507
i: 568 -> 287899012769443007
i: 569 -> 15193821243399990336
i: 570 -> 1810354516935083475
i: 571 -> 10552288686892409654
i: 572 -> 2788575268380687651
i: 573 -> 17181219175354573263
i: 574 -> 4014316748416888719
i: 575 -> 10045855754908027019
i: 576 -> 12909386094438370910
i: 577 -> 13811826818215314997
i: 578 -> 1149854703981753174
i: 579 -> 6410268858082256315
i: 580 -> 12551557499104612220
i: 581 -> 10019947382164574953
i: 582 -> 15938393534193754377
i: 583 -> 1134750342682871342
i: 584 -> 1717390213831080518
i: 585 -> 9377699933550321208
i: 586 -> 9362899811585437599
i: 587 -> 107892678713786508
i: 588 -> 12983214746232005488
i: 589 -> 3043224624645338287
i: 590 -> 16615363970921421712
i: 591 -> 8554886750089251230
i: 592 -> 10156383174729209803
i: 593 -> 2102599589833803289
i: 594 -> 8977575585432643920
i: 595 -> 9535725474155374503
i: 596 -> 13236990931829255379
i: 597 -> 7924343382731345849
i: 598 -> 31165348484948578
i: 599 -> 18220563886322836397
i: 600 -> 6701832260717129201
i: 601 -> 14087849397437338984
i: 602 -> 13749604453136116875
i: 603 -> 1346776507156515626
i: 604 -> 646684168505409225
i: 605 -> 14577033283535224639
i: 606 -> 13803345226251566253
i: 607 -> 18234208063992452253
i: 608 -> 13269169659706515948
i: 609 -> 14460119357556166005
i: 610 -> 3968853845360304594
i: 611 -> 15614271065925426292
i: 612 -> 18122605729997354591
i: 613 -> 2520819896267677022
i: 614 -> 15541683521545923676
i: 615 -> 10048610854551565755
i: 616 -> 10691162525902178435
i: 617 -> 4659110386961244095
i: 618 -> 436990361335449262
i: 619 -> 14949513422188649052
i: 620 -> 7762369579022735946
i: 621 -> 2385580252791906315
i: 622 -> 7561079613453486338
i: 623 -> 15525154242495754012
i: 624 -> 3776959899473491717
i: 625 -> 14489826378577669757
i: 626 -> 16801804538880323200
i: 627 -> 13576424719911795937
i: 628 -> 5716127645449032055
i: 629 -> 17452429348677572963
i: 630 -> 17152255836278818570
i: 631 -> 10956895749275124781
i: 632 -> 14781483044436005945
i: 633 -> 16097719800081089870
i: 634 -> 101962824699493521
i: 635 -> 4270340136858529306
i: 636 -> 17816417382567886299
i: 637 -> 3831906292443577659
i: 638 -> 8402031954742607143
i: 639 -> 7508628289564090499
i: 640 -> 9658449249030912142
i: 641 -> 9976890105709603881
i: 642 -> 403473638767995234
i: 643 -> 986440346555596390
i: 644 -> 3672006644177000835
i: 645 -> 15335148527231049200
i: 646 -> 18087271810730920452
i: 647 -> 15629641952350495467
i: 648 -> 2649611402991864715
i: 649 -> 8147490275827734157
i: 650 -> 13419188961276888380
i: 651 -> 6945975833733620188
i: 652 -> 14560612103627690980
i: 653 -> 17478108752948327031
i: 654 -> 3295637835715927092
i: 655 -> 8206595160698487994
i: 656 -> 9247841695506721919
i: 657 -> 5645689382856970481
i: 658 -> 1831001060490119680
i: 659 -> 11285482397829784827
i: 660 -> 16753339019016064363
i: 661 -> 7743305411853096877
i: 662 -> 14347542870615555683
i: 663 -> 2180897911956265848
i: 664 -> 10981816923274204651
i: 665 -> 16877675382428515514
i: 666 -> 14375400622424840516
i: 667 -> 4117544314613792337
i: 668 -> 16965542467473539869
i: 669 -> 11803786907959185047
i: 670 -> 3144800696923927661
i: 671 -> 2248184064911406221
i: 672 -> 3737147685690791096
i: 673 -> 12787190919923662309
i: 674 -> 468900249233184302
i: 675 -> 10374313551725749628
i: 676 -> 16322809159086433095
i: 677 -> 2179621157908336530
i: 678 -> 1612857876642035902
i: 679 -> 6762222240824767329
i: 680 -> 10917271879975520103
i: 681 -> 13777833281695539831
i: 682 -> 9148546358981132724
i: 683 -> 853998406993179946
i: 684 -> 8657170255086317038
i: 685 -> 16562304927878947651
i: 686 -> 10291035663820555954
i: 687 -> 3389439708620498940
i: 688 -> 319750045864019585
i: 689 -> 5652092337850147373
i: 690 -> 46318845690814044
i: 691 -> 4098994602562392857
i: 692 -> 18128560465143575551
i: 693 -> 14114855892783201863
i: 694 -> 11087591666978424565
i: 695 -> 11732334085350648102
i: 696 -> 9265480957244369223
i: 697 -> 6439155566159459180
i: 698 -> 795728053715492988
i: 699 -> 16248656017972943127
i: 700 -> 2955586110639024191
i: 701 -> 3081705164581993635
i: 702 -> 10153800052258583267
i: 703 -> 13339762969853312263
i: 704 -> 15557090566686816674
i: 705 -> 2623311925526696561
i: 706 -> 16342872518774616058
i: 707 -> 2416786660110154242
i: 708 -> 12583134258012214523
i: 709 -> 6133738842694842868
i: 710 -> 10969825825207256040
i: 711 -> 14112507753026181959
i: 712 -> 6551751018988653139
i: 713 -> 13338537155566680002
i: 714 -> 3859477130391421097
i: 715 -> 5362234028490366843
i: 716 -> 5295922235308276487
i: 717 -> 1158266990841475031
i: 718 -> 1138156060988465912
i: 719 -> 18083587598608996662
i: 720 -> 9939317896769609227
i: 721 -> 4939848891854149453
i: 722 -> 2188563951850095900
i: 723 -> 3174426697536833443
i: 724 -> 16947480363147233295
i: 725 -> 12742690204281265833
i: 726 -> 465469523431496383
i: 727 -> 4511058001668160028
i: 728 -> 10736267637813160203
i: 729 -> 127591076890644664
i: 730 -> 14727880830502448070
i: 731 -> 3351954316670668347
i: 732 -> 5753861084534428455
i: 733 -> 17304314211379321287
i: 734 -> 11262021671507842449
i: 735 -> 13876899386722680649
i: 736 -> 14607337956106914884
i: 737 -> 7182068115602153457
i: 738 -> 3146237983717890970
i: 739 -> 17876901971407199684
i: 740 -> 1366170149527552539
i: 741 -> 3348501247048271054
i: 742 -> 9429826947131382426
i: 743 -> 15192969038648517733
i: 744 -> 16624222949239303287
i: 745 -> 10696324453098961790
i: 746 -> 16500760042309268395
i: 747 -> 13123932515054392607
i: 748 -> 16186260553958975999
i: 749 -> 1597572572869500763
i: 750 -> 3257540609752968654
i: 751 -> 7873094757275460736
i: 752 -> 15570354069379946453
i: 753 -> 14974669360033463821
i: 754 -> 9272003546830741836
i: 755 -> 679684226605284909
i: 756 -> 13157420905616076159
i: 757 -> 5084541955982380235
i: 758 -> 17875193740168390169
i: 759 -> 6355491634947511394
i: 760 -> 969528372421475487
i: 761 -> 6553390935102695620
i: 762 -> 7803017177100546096
i: 763 -> 15604394438087049711
i: 764 -> 18297564780930681712
i: 765 -> 6403468180456183194
i: 766 -> 18318349682181603135
i: 767 -> 17082409345505747947
i: 768 -> 17004735999671367790
i: 769 -> 18065218714825453545
i: 770 -> 315800881169432730
i: 771 -> 10952445017992572758
i: 772 -> 8082193972960310623
i: 773 -> 7400506879778144388
i: 774 -> 9893246484132811596
i: 775 -> 10886722377925160483
i: 776 -> 6176144402289223587
i: 777 -> 1931035950084783074
i: 778 -> 2196985499548502589
i: 779 -> 13199202686825382307
i: 780 -> 5882266877283355073
i: 781 -> 13293211898243775909
i: 782 -> 5609367162165313476
i: 783 -> 3679383510621279498
i: 784 -> 606969996747015191
i: 785 -> 8796578154380593333
i: 786 -> 12416341625027300508
i: 787 -> 12196698978071370951
i: 788 -> 712380373008043235
i: 789 -> 10821043825372158105
i: 790 -> 1913121101724369427
i: 791 -> 12818112601313684904
i: 792 -> 8624861274241719819
i: 793 -> 13861436894301137160
i: 794 -> 15844237479299520618
i: 795 -> 16004516939827655747
i: 796 -> 8414376779745201050
i: 797 -> 17324996661972014748
i: 798 -> 2466060911834117821
i: 799 -> 3793385715655196893
i: 800 -> 6718283092345776728
i: 801 -> 12900721078789325217
i: 802 -> 8509509748798782826
i: 803 -> 1241908414478635272
i: 804 -> 8948976440191951539
i: 805 -> 7481303939026458026
i: 806 -> 6693315664466249422
i: 807 -> 616004221812565361
i: 808 -> 18069978808850813151
i: 809 -> 16505658988638347878
i: 810 -> 2850086729663842383
i: 811 -> 8610786916820363991
i: 812 -> 2478133965370029603
i: 813 -> 4148498191020241311
i: 814 -> 2976512781047951114
i: 815 -> 1655348078296791013
i: 816 -> 6737651556001814106
i: 817 -> 11691560642178888718
i: 818 -> 15281135000152159661
i: 819 -> 17428701284087246778
i: 820 -> 747998135428684208
i: 821 -> 2829839941649105984
i: 822 -> 15864126765862100518
i: 823 -> 87119415616302443
i: 824 -> 10157363018858200372
i: 825 -> 11674109032523358281
i: 826 -> 5630833350404125057
i: 827 -> 5763702070574115420
i: 828 -> 7827606740828888857
i: 829 -> 12088496910632164883
i: 830 -> 11101845693551271600
i: 831 -> 15997461353753733390
i: 832 -> 15739544838490419473
i: 833 -> 2644251411682867416
i: 834 -> 11675085569206146473
i: 835 -> 2866145649766889105
i: 836 -> 2853783884708225070
i: 837 -> 15257763744676861543
i: 838 -> 2964954435297765735
i: 839 -> 9831269572636264778
i: 840 -> 9071884461637370310
i: 841 -> 10225620452362845269
i: 842 -> 5750724970692453516
i: 843 -> 9900690763263781582
i: 844 -> 9465349376426695192
i: 845 -> 6427501395179577804
i: 846 -> 947426280050564547
i: 847 -> 3881727944666752340
i: 848 -> 5694282197545403265
i: 849 -> 9972897362258172011
i: 850 -> 18044898242626137650
i: 851 -> 14388438141630328401
i: 852 -> 5185955045714292753
i: 853 -> 4492981698597039931
i: 854 -> 5041916765958422381
i: 855 -> 14539828273511756370
i: 856 -> 13072299646381996769
i: 857 -> 18298086683718486590
i: 858 -> 5693133869157990156
i: 859 -> 11158159863448306873
i: 860 -> 14682100772667419852
i: 861 -> 2609384337840823598
i: 862 -> 17594198893544142951
i: 863 -> 16610403340907940291
i: 864 -> 1328361905582427326
i: 865 -> 7469577325014417091
i: 866 -> 15266140822743197869
i: 867 -> 11353611802764241137
i: 868 -> 685899351254621507
i: 869 -> 5299321899897161538
i: 870 -> 8894701658917396731
i: 871 -> 13238079553366316132
i: 872 -> 1964553315754789901
i: 873 -> 6555153844005364188
i: 874 -> 11232873787872240918
i: 875 -> 7621212676887766404
i: 876 -> 15683660598426650171
i: 877 -> 10930197796660107379
i: 878 -> 11940437065467680007
i: 879 -> 2331539001394589876
i: 880 -> 4811137847953664628
i: 881 -> 18392582388064010980
i: 882 -> 11078000134508987490
i: 883 -> 1056218645734831857
i: 884 -> 12125432642353095256
i: 885 -> 16422988134467953512
i: 886 -> 5139945202640149257
i: 887 -> 15157430229230121688
i: 888 -> 3539190853077852430
i: 889 -> 13332649985932900523
i: 890 -> 14510634617714661778
i: 891 -> 6313759637424241727
i: 892 -> 8342505109496666945
i: 893 -> 16121975552261545679
i: 894 -> 15355392684580654379
i: 895 -> 5607415119616906655
i: 896 -> 2286938949832736735
i: 897 -> 18360633133808682978
i: 898 -> 1422567115032278329
i: 899 -> 8625527367510828561
i: 900 -> 7354640908537999188
i: 901 -> 5681908618481755849
i: 902 -> 18397614470055840911
i: 903 -> 17852531293634667110
i: 904 -> 3353685742100981624
i: 905 -> 12343501030235270135
i: 906 -> 17426400518171763400
i: 907 -> 17134855578780701818
i: 908 -> 16694653249398575210
i: 909 -> 3500840715464887142
i: 910 -> 1465188044979505947
i: 911 -> 14111636147161544604
i: 912 -> 10920724513474855243
i: 913 -> 6877267699622757217
i: 914 -> 997470152969047866
i: 915 -> 14892778585607317457
i: 916 -> 17810920269550452523
i: 917 -> 17548458702527233842
i: 918 -> 10192864864558704682
i: 919 -> 3523170377844797029
i: 920 -> 2152797791028050914
i: 921 -> 9677126863128701530
i: 922 -> 11992791414886116662
i: 923 -> 16273009282398321695
i: 924 -> 8661636920206339300
i: 925 -> 12283138345886597823
i: 926 -> 5079108374745071134
i: 927 -> 13558739002030194616
i: 928 -> 14521823352265873861
i: 929 -> 8978600694259681497
i: 930 -> 5766917037648079009
i: 931 -> 7366371228990141149
i: 932 -> 8911663734686662653
i: 933 -> 3088212301182620031
i: 934 -> 16767723587122960882
i: 935 -> 5679179367997293757
i: 936 -> 11013623283339580144
i: 937 -> 3041268327612464172
i: 938 -> 10226343601115469888
i: 939 -> 2503865653986776418
i: 940 -> 8114037692790983471
i: 941 -> 9788100275600300686
i: 942 -> 17775922495833859628
i: 943 -> 15659505751854533899
i: 944 -> 11218320486427202233
i: 945 -> 3685783831870973330
i: 946 -> 1760662296931651082
i: 947 -> 2122479711825065569
i: 948 -> 2398186186817611418
i: 949 -> 4096459776842435596
i: 950 -> 14420260734378088335
i: 951 -> 13651958526742188646
i: 952 -> 118820863878493190
i: 953 -> 4983297671070638645
i: 954 -> 9253561698187899594
i: 955 -> 16877511467406142167
i: 956 -> 18398218193150103259
i: 957 -> 451837289646724519
i: 958 -> 18087056038633599213
i: 959 -> 15523439889599945885
i: 960 -> 16460664456031179699
i: 961 -> 416332993732367844
i: 962 -> 16930381752304652209
i: 963 -> 7471666876932688585
i: 964 -> 4890219701183482178
i: 965 -> 3306242678403323637
i: 966 -> 16615044241230482553
i: 967 -> 10841277926188990760
i: 968 -> 4169226239965181193
i: 969 -> 7690039418300076308
i: 970 -> 14734022974479768452
i: 971 -> 5484060247977959894
i: 972 -> 5911224384604852866
i: 973 -> 18331179936117862500
i: 974 -> 10130656622610090597
i: 975 -> 10591770229308657994
i: 976 -> 4889278108184271598
i: 977 -> 4265894361804956336
i: 978 -> 17201249617455835690
i: 979 -> 7764940077953485673
i: 980 -> 7307231232710817153
i: 981 -> 12616439425116227642
i: 982 -> 6845274772802227664
i: 983 -> 9985773855174890339
i: 984 -> 16214485238730173045
i: 985 -> 2317432061989313401
i: 986 -> 12546302326955299130
i: 987 -> 15342051801551313387
i: 988 -> 2732325530050240200
i: 989 -> 348942859664636901
i: 990 -> 469425843265810020
i: 991 -> 8703946519657966610
i: 992 -> 8279823397940872270
i: 993 -> 7184878698348085942
i: 994 -> 3302695676900281897
i: 995 -> 10638833141879680085
i: 996 -> 3214010365020499987
i: 997 -> 15996593958802522587
i: 998 -> 12454913190700059140
i: 999 -> 11311418609415207111
