0000011111111 + 0000000001111 = 270
0101010111100 + 0110011011110 = 6042
0000010101010 + 0100110010001 = 2619
0111100001100 + 0000000001010 = 3862
0111111111111 - 0111111111111 = 0
0000010101010 + 0110111011101 = 3719
0111111111111 - 0110011001101 = 818
0110111011010 - 0110010011100 = 318
0111000001010 - 0101010111011 = 847
0000000001100 - 0000000001001 = 3
0000000001010 + 0000000001011 = 21
0111111111111 - 0000100100011 = 3804
0000000110110 + 0000000000010 = 56
0000000000000 + 0000000000000 = 0
0000000000011 - 0000000000000 = 3
0000000100011 - 0000000000001 = 34
0101001000110 - 0000000011010 = 2604
0000000001111 - 0000000000001 = 14
0000000010100 - 0000000010011 = 1
0100110001000 - 0000011111010 = 2190
0000011111111 + 0000000001111 = 270
0101010111100 + 0110011011110 = 6042
0000010101010 + 0100110010001 = 2619
0111100001100 + 0000000001010 = 3862
0111111111111 - 0111111111111 = 0
0000010101010 + 0110111011101 = 3719
0111111111111 - 0110011001101 = 818
0110111011010 - 0110010011100 = 318
0111000001010 - 0101010111011 = 847
0000000001100 - 0000000001001 = 3
