41493 5217 324
46508 98125 351
63966 27193 340
58197 72350 335
49909 21833 324
69344 86230 351
90188 87403 333
51859 64241 340
41641 9613 324
85764 72405 351
34785 67722 340
30086 94080 351
35529 30514 311
84008 60043 351
32801 42902 324
85410 77505 338
84772 18809 351
23454 98701 351
85813 84219 302
14446 41628 324
46313 54823 340
85955 49919 351
23793 20940 282
77060 11821 351
87577 71589 351
55715 49947 340
58900 42166 340
51686 43740 314
80094 55874 351
13290 5970 276
27202 17512 308
2573 33400 308
89308 74183 351
52619 82159 351
46015 67269 340
72632 44019 340
43159 76724 340
48222 98228 351
10157 6449 260
92332 56276 351
88606 94559 333
37 75809 340
43891 15190 324
66295 55302 335
89020 45633 351
96796 11510 351
92584 36743 351
16438 8870 276
22953 26262 282
40368 810 324
73516 27354 340
5108 38413 324
48300 94266 351
98547 85418 333
81236 28107 351
14213 30868 308
98952 1569 351
65027 85523 351
51587 52023 278
86455 70590 351
53579 36232 340
65601 50596 340
8846 14452 276
1181 10999 268
91263 33536 351
12842 18411 279
27462 41948 324
80420 7261 351
35964 78310 351
87789 48296 351
60708 6090 340
84545 94501 333
50059 40184 314
85257 36893 351
25110 56133 340
64530 50068 340
42571 67082 340
20326 85019 351
79702 78981 307
97897 13489 351
26731 35886 324
39114 97137 351
99183 9673 351
32878 49430 324
52088 74694 340
17348 3173 276
28864 80737 351
9524 34571 311
22281 64256 340
62266 70139 330
41267 5178 324
11742 58628 340
86001 99550 333
5234 80289 351
75565 17920 340
27433 24542 308
51480 94157 351
11576 47798 324
84600 33973 351
89310 1559 351
10786 85825 351
84630 80955 320
46218 65852 340
38933 46494 314
20282 35334 311
75822 10199 340
26418 24481 264
15370 11309 276
47244 65785 340
38688 80331 351
63527 35240 340
8203 30254 308
45841 92337 351
97428 36479 351
85305 97264 333
35248 66706 340
69010 22980 340
13805 11441 276
11932 58088 340
64840 47015 340
47091 79235 351
90490 85940 333
81393 89036 333
75054 70912 325
41315 77516 351
64314 76821 325
38953 57403 340
24659 348 282
95860 92158 328
80309 17027 351
55053 46011 340
7230 8835 252
22086 47947 324
50823 41508 314
66666 31568 340
36765 41268 306
76976 98640 351
61657 24535 340
77487 56211 351
79615 92571 333
81814 30423 351
68046 34517 340
92666 90199 333
1699 49954 324
99226 7650 351
8064 26494 282
89642 71140 351
55877 43516 340
18686 28676 308
75151 96439 351
17616 69455 340
26468 39590 324
97949 62610 351
8216 97164 351
74641 72960 294
94147 69779 351
91148 6507 351
58909 72425 335
62457 28587 340
64499 80493 351
80728 3007 351
11946 98261 351
78545 1568 351
57864 82191 351
28484 35718 324
63026 71414 330
43553 49738 314
3811 6409 262
89311 69754 351
76863 95805 351
47628 98111 351
42780 66455 340
66967 19888 340
81922 74708 351
66727 53484 335
34514 75914 340
91489 32543 351
3645 10088 262
37416 62234 340
26353 57631 340
19196 47076 324
71233 71353 325
61722 92538 351
45787 14321 324
53996 51825 340
65533 2323 340
50304 21249 324
29339 87340 351
20763 48846 324
86922 71140 351
98413 2150 351
3222 76326 340
99815 87095 333
16530 7286 276
60486 16281 340
30582 15496 308
50826 360 324
54354 45778 340
52053 56349 340
78906 10368 351
67198 43853 340
95715 54654 351
74604 24506 340
58788 16169 340
78278 68891 351
48880 71865 340
22059 36976 324
47615 48775 265
82816 8583 351
85929 83661 320
1942 99556 351
4893 86478 351
78859 90790 333
98764 98847 160
47727 59660 340
40677 33665 324
53435 20347 340
78608 77327 307
11398 74530 340
14685 38147 324
794 75080 340
19802 12675 279
47709 63268 340
32860 19659 308
70341 99686 351
26167 93212 351
60824 17018 340
2080 91495 351
85731 84013 320
48963 32250 324
42769 95922 351
75150 6004 340
11377 68825 340
33272 42659 324
50447 984 324
54522 96863 351
89303 33409 351
9112 65989 340
80313 74848 351
7493 73289 340
29684 73214 340
10716 71787 340
84941 83360 320
53498 34750 340
90945 42718 351
39757 16614 324
54588 46143 340
67473 30642 340
94206 46503 351
80431 95339 333
29064 62107 340
5001 53423 340
80736 87623 333
35198 39358 324
758 50551 324
12554 71243 340
15865 190 276
59861 62374 335
29220 98303 351
52288 68975 340
31680 62142 340
4992 94644 351
54980 97547 351
96092 17445 351
7397 94992 351
22803 84161 351
61354 60820 335
68723 3677 340
5239 19981 279
48150 84317 351
91349 57945 351
43228 72731 340
6906 77275 351
90516 77119 338
45677 60991 340
38339 79682 351
4981 66783 340
25659 15254 282
40558 85522 351
3635 97708 351
83678 36538 351
87953 30087 351
95467 30848 351
84940 17656 351
98885 41060 351
62194 89913 351
81097 52738 351
80917 92626 333
16119 67723 340
43437 6751 324
74258 53149 335
95215 82288 333
68920 2627 340
42958 79144 351
17899 83827 351
33162 576 308
47974 33709 324
22387 83487 351
77730 68830 351
67556 67477 206
86249 48694 351
36878 24269 324
43986 31059 324
88546 45031 351
14685 89599 351
58290 20027 340
19342 89399 351
66175 53278 335
3923 52833 340
30874 14514 308
35114 19676 311
7218 97776 351
84095 73307 351
30210 53169 340
45608 1483 324
8509 13269 276
81373 59569 351
11387 8794 268
38260 76265 340
155 76118 340
21676 33579 308
27487 19354 308
96907 8 351
85665 79849 320
83548 81521 320
29066 26415 308
12437 35294 311
72416 55640 335
86835 84698 302
98449 95840 297
51542 59023 340
9758 30900 308
47920 67044 340
60518 4898 340
73570 47905 340
57664 80690 351
54191 80674 351
77691 7324 351
97090 34626 351
45978 24151 324
12997 23078 279
93296 71956 351
99751 1768 351
59758 27371 340
86984 46214 351
93693 86545 333
78504 44216 351
55872 3119 340
43813 62784 340
51829 4027 324
54632 99796 351
76902 33153 340
85851 26818 351
27114 67109 340
13005 30222 308
12192 15608 276
4504 62062 340
53899 34322 340
50119 29460 324
41276 7944 324
63639 86987 351
78416 6291 351
40296 52372 314
29294 75550 340
23097 39121 324
58331 60064 304
57987 390 340
33418 77741 351
92619 70534 351
25502 68959 340
8687 61122 340
79381 67837 351
47815 6146 324
87694 15036 351
94473 92877 315
83157 97618 333
38187 72787 340
86618 73761 351
24481 14021 282
20342 33604 308
48533 4730 324
89025 77713 338
41826 9866 324
13973 46737 324
31317 23838 308
46459 59806 340
44271 36212 306
39753 56825 340
52075 66510 340
89812 79223 333
69017 73062 325
70205 74567 325
16460 81096 351
58171 4482 340
64828 58594 335
27659 88678 351
70436 69573 312
65701 7890 340
11664 54324 340
79980 85891 320
75771 44579 340
54553 93775 351
28503 43910 324
12199 30007 308
62846 28256 340
12207 72634 340
40963 95323 351
326 96057 351
46102 67870 340
49554 36096 314
55797 16552 340
57310 74727 335
98209 89997 333
46908 16351 324
53946 62941 335
91341 7179 351
65117 14615 340
38772 6719 324
22842 60770 340
99784 66459 351
43290 18397 324
50227 26870 324
60488 28638 340
19790 170 279
63535 68955 312
66573 82782 351
32180 99782 351
24476 9212 282
46724 38648 314
57065 73783 335
46799 35924 314
74124 56705 335
38906 54658 340
20442 75570 340
55415 83473 351
28143 21672 308
96790 67128 351
54065 32271 340
79554 94739 333
97280 4399 351
70742 14044 340
96963 60312 351
24041 12029 282
25763 51146 324
76729 66685 325
39745 70174 340
34173 9984 308
6255 31514 308
83695 63622 351
48346 24119 324
87064 71112 351
85876 57419 351
86152 19788 351
22933 58292 340
76051 34853 340
21030 25383 282
98073 77114 338
80916 57525 351
50711 65658 340
50944 36350 314
99182 94118 328
25982 60960 340
68687 5953 340
15238 81572 351
23349 53059 340
52369 85385 351
23397 41415 324
52409 74389 340
33985 6714 308
37551 5927 324
28573 45801 324
51203 9799 324
97921 39832 351
76468 45922 340
20357 79341 351
85404 11614 351
42690 1263 324
66231 88051 351
39384 10408 324
90228 2207 351
56546 39800 340
18083 82547 351
41773 54614 340
92634 57148 351
61879 25310 340
58462 37483 340
90346 63425 351
7594 64262 340
67105 31260 340
20795 74015 340
11950 11616 250
47358 16922 324
85761 50687 351
56290 1907 340
34165 74435 340
99691 71730 351
24137 72563 340
76733 78253 351
79581 1482 351
10722 73578 340
67407 54927 335
52547 77720 351
43315 95862 351
44670 57422 340
47187 20711 324
40932 9317 324
96315 34521 351
11475 68834 340
21058 78463 351
28764 41320 324
94996 31936 351
88167 77138 338
53775 39724 340
30589 47551 324
19741 23098 274
63664 35824 340
31534 9439 308
4989 42925 324
74256 42302 340
94 71970 340
81265 32320 351
92723 15960 351
24123 45429 324
9066 95141 351
6730 14081 276
36848 81268 351
83795 84887 320
77638 74118 351
40085 75737 340
67480 40466 340
57805 60514 317
59993 77266 351
83942 22858 351
5010 87257 351
94131 50635 351
83486 63121 351
42851 8404 324
73203 77123 351
70198 26490 340
20938 90769 351
21538 28206 308
82206 96440 333
18870 46888 324
90376 86473 333
40088 86243 351
26944 89637 351
99289 39159 351
16685 92306 351
52720 53574 322
55854 42716 340
99044 28276 351
21499 76978 340
21528 38411 324
72641 72132 263
19132 97489 351
42586 9238 324
11269 87042 351
56827 70659 335
15362 98220 351
30201 18734 308
30251 8850 308
63512 14275 340
87540 27242 351
59597 21168 340
33042 92851 351
38146 39683 275
75491 82940 351
2118 95809 351
47200 62541 340
25370 32055 308
21217 58089 340
67837 2428 340
32336 3462 308
32674 54215 340
48532 16716 324
40764 97454 351
9024 53959 340
76542 51120 340
40074 60746 340
46547 56168 340
39130 4011 324
4712 86979 351
18644 23056 274
80836 13130 351
14639 97734 351
18294 87571 351
32454 28119 285
38193 84437 351
65825 96873 351
52519 22439 324
70389 32555 340
73849 9302 340
34738 67222 340
81044 82448 320
37350 62273 340
20465 32115 308
55791 6965 340
92642 46476 351
55157 76719 335
3111 3182 199
43860 11891 324
18241 42117 324
95121 73085 351
85201 95067 333
58843 49389 340
45464 12087 324
32837 45305 324
56556 11765 340
71036 47862 340
22341 46668 324
94192 3484 351
47072 26233 324
89043 93818 333
67148 82536 351
40659 56121 340
17169 48088 324
67102 61085 330
30447 41489 324
74085 74592 294
54548 26353 340
39754 35255 324
10478 57199 340
59742 39292 340
52600 26589 340
84627 77245 338
35219 49163 324
74371 87691 351
78769 92213 338
45359 85163 351
96973 93057 328
57461 40922 340
30819 26301 308
53491 12213 340
30383 48020 324
27826 82243 351
27598 80537 351
43294 83634 351
79586 37738 351
25050 79952 351
63889 11416 340
51609 64488 340
79513 13112 351
63207 6648 340
26786 13001 308
8511 31248 308
60643 7500 340
12914 40338 324
68716 14443 340
72728 811 340
46985 79656 351
11512 6856 268
39301 78611 351
78884 23072 351
59772 87076 351
48227 18653 324
61409 45998 340
9047 8840 247
51026 49774 278
52014 46528 314
57360 98485 351
24979 86620 351
75520 50434 340
46850 46254 283
14421 93925 351
12827 72893 340
87154 53647 351
88465 82521 333
95962 9023 351
95428 93424 328
81840 18144 351
75158 62135 330
50555 4133 324
30794 76472 340
97648 23197 351
94979 6911 351
2702 6991 262
99104 43500 351
46992 78576 351
81501 84811 320
51642 69229 340
17557 19098 279
35320 6308 311
97371 34370 351
2295 22060 279
72241 21846 340
43729 66962 340
9542 83744 351
64181 6536 340
53254 89117 351
49572 70711 340
97260 97110 266
94362 55250 351
35314 72904 340
97120 42584 351
1596 41438 324
60933 4865 340
43482 62021 340
93925 97356 328
16387 72287 340
65236 87264 351
84410 42490 351
31482 16600 308
88831 75595 351
63865 76864 325
4738 80865 351
88861 10045 351
16239 63969 340
85441 34264 351
65191 12212 340
86777 70856 351
14932 46880 324
71621 58028 335
37695 62469 340
11159 58359 340
37024 20038 324
99351 49186 351
77023 95030 351
72450 24131 340
45804 3041 324
97089 41078 351
25743 87110 351
39754 69222 340
67270 23331 340
92274 89775 333
15550 95559 351
19762 47518 324
1017 91641 351
84708 58933 351
95328 78520 338
27597 49503 324
75809 17308 340
13712 55894 340
35617 86546 351
77914 73668 351
13555 10326 276
17116 37004 324
23437 60114 340
61000 58238 335
38684 69356 340
56746 5838 340
59619 80779 351
80963 76241 351
35169 99616 351
69934 88342 351
40363 57934 340
6668 43577 324
72175 7613 340
15151 4913 276
48545 42276 314
10015 95173 351
84513 7018 351
1705 69375 340
56088 40283 340
86662 52022 351
38461 9266 324
11537 71850 340
62270 28638 340
26211 98709 351
38154 93112 351
43988 62908 340
44374 79236 351
98566 75039 351
56089 51607 340
23313 61914 340
82615 12996 351
41455 7328 324
37706 76340 340
78003 30421 351
33674 90138 351
43210 11408 324
92775 93745 315
75174 98639 351
56050 35357 340
96785 25829 351
62696 70417 330
11524 96820 351
3157 83072 351
21876 12615 279
60913 22461 340
73700 69128 325
44193 6770 324
92774 27219 351
22347 60009 340
31093 14283 308
77674 17946 351
95196 24521 351
6893 57143 340
36971 80338 351
35653 31444 311
40125 96236 351
5161 96397 351
50048 5607 324
87035 95265 333
43226 21777 324
46500 44746 314
93242 5571 351
49096 7841 324
11598 30156 308
58767 51439 340
75394 20513 340
84603 83829 320
65801 51776 340
51662 79422 351
34435 8274 311
28847 88063 351
15904 81422 351
53791 57149 322
80021 49492 351
33787 59245 340
38693 13103 324
10023 69411 340
72036 98406 351
71028 12715 340
95840 69513 351
14264 94407 351
34569 46574 324
89432 52954 351
75215 10139 340
42445 48690 314
99728 20291 351
94440 7438 351
49198 85806 351
43424 6853 324
30739 29206 272
17655 62268 340
88410 77443 338
42908 43672 257
87286 85762 333
34253 68957 340
35888 37677 306
14147 59955 340
28052 11843 308
81310 11068 351
75902 85209 351
98387 79141 333
46747 68241 340
36002 34891 324
6213 49891 324
34253 92248 351
65918 54863 335
66939 28666 340
67472 64904 268
26784 3366 308
44650 48312 314
48622 21266 324
11169 12991 263
3128 59688 340
5766 1097 238
13801 33093 308
50404 33132 324
73979 92519 351
12093 95410 351
36174 81807 351
81720 21867 351
55254 24881 340
77107 55800 351
10319 36131 324
73460 4051 340
20930 20852 256
81789 65887 351
70459 43742 340
62735 42025 340
8519 84707 351
37658 81333 351
35191 74458 340
14897 10111 276
66161 78480 351
31652 90874 351
9771 39738 324
15282 70039 340
4997 95354 351
14432 7484 276
63726 49736 340
37458 5210 324
71306 49643 340
3708 44209 324
688 72541 340
25195 51737 324
93358 2701 351
5429 27867 308
9318 6631 260
6072 33698 308
96251 42250 351
12396 47267 324
95968 52231 351
43720 27001 324
8597 99768 351
48285 6762 324
37158 5589 324
11881 21712 279
1880 94400 351
55844 56301 322
68962 37278 340
43272 80818 351
68505 42491 340
20339 65648 340
97025 32118 351
11030 62374 340
56303 44741 340
51837 60555 340
41765 47660 314
29439 93016 351
71076 14960 340
10946 58405 340
38954 50922 314
542 67970 340
26338 16007 282
23939 96305 351
92416 49143 351
83107 17247 351
70827 69730 312
27560 54582 340
40101 42453 288
3964 44428 324
21635 76085 340
79803 52641 351
11150 52560 340
56610 28348 340
46388 96205 351
45797 10700 324
44315 59723 340
64392 45861 340
40719 88419 351
30513 62089 340
79832 73614 351
58784 95619 351
40239 838 324
12703 35274 311
34099 90657 351
52454 93337 351
83967 1967 351
58937 32819 340
26062 56866 340
51608 11957 324
95100 76237 351
85952 88796 333
75106 53403 335
74311 68070 325
52605 16515 340
26788 39201 324
14150 52338 324
85826 61751 351
67404 44204 340
78 83628 351
46296 28212 324
37821 77850 351
24205 35974 324
70250 62122 330
15252 40195 324
14146 16914 271
17029 5800 276
81894 52071 351
47747 96699 351
64736 67635 281
43073 43750 257
82508 46484 351
42853 18754 324
76892 85067 351
77319 23500 351
29015 11158 308
48754 50498 296
39171 62318 340
45939 65933 340
19369 9068 279
46278 88451 351
45201 1064 324
80279 14873 351
17174 28157 308
3709 87037 351
12180 99515 351
42063 96323 351
58442 54470 322
54187 39124 340
66030 49889 340
13019 84292 351
78388 12030 351
62316 25936 340
88216 90697 315
31507 8384 308
13755 49922 324
57138 1920 340
29237 44482 324
977 5395 238
72161 88622 351
43226 80515 351
49477 59262 340
10042 54742 340
3256 93725 351
28525 79115 351
74197 13061 340
87009 52331 351
63495 26301 340
40778 21240 324
32008 78858 351
9531 11790 268
78188 24336 351
78982 76204 351
26099 41053 324
61350 87757 351
83740 23674 351
