1 9
2 90
3 9
4 900
5 90
6 90
7 9009
8 9000
9 9
10 90
11 99
12 900
13 9009
14 90090
15 90
16 90000
17 99909
18 90
19 99009
20 900
21 9009
22 990
23 990909
24 9000
25 900
26 90090
27 999
28 900900
29 9909909
30 90
31 999099
32 900000
33 99
34 999090
35 90090
36 900
37 999
38 990090
39 9009
40 9000
41 99999
42 90090
43 9909909
44 9900
45 90
46 9909090
47 90099
48 90000
49 9900009
50 900
51 99909
52 900900
53 900099
54 9990
55 990
56 9009000
57 99009
58 99099090
59 99099999
60 900
61 900909
62 9990990
63 9009
64 9000000
65 90090
66 990
67 9909099
68 9990900
69 990909
70 90090
71 90099
72 9000
73 90009
74 9990
75 900
76 9900900
77 9009
78 90090
79 90090099
80 90000
81 999999999
82 999990
83 909099
84 900900
85 999090
86 99099090
87 9909909
88 99000
89 99090909
90 90
91 9009
92 99090900
93 999099
94 900990
95 990090
96 900000
97 99900009
98 99000090
99 99
100 900
101 909
102 999090
103 99900009
104 9009000
105 90090
106 9000990
107 900090099
108 99900
109 9009090999
110 990
111 999
112 90090000
113 9099099
114 990090
115 9909090
116 990990900
117 9009
118 990999990
119 900999099
120 9000
121 99099
122 9009090
123 99999
124 99909900
125 9000
126 90090
127 99090099
128 90000000
129 9909909
130 90090
131 909009
132 9900
133 99909999
134 99090990
135 9990
136 99909000
137 90009
138 9909090
139 990990909
140 900900
141 90099
142 900990
143 9009
144 90000
145 99099090
146 900090
147 9900009
148 99900
149 990999
150 900
151 9990009
152 99009000
153 99909
154 90090
155 9990990
156 900900
157 90909909099
158 900900990
159 900099
160 900000
161 99909999
162 9999999990
163 9090999
164 9999900
165 990
166 9090990
167 99999099
168 9009000
169 90999909
170 999090
171 99009
172 990990900
173 9099009909
174 99099090
175 900900
176 990000
177 99099999
178 990909090
179 99090999
180 900
181 9009999
182 90090
183 900909
184 990909000
185 9990
186 9990990
187 9009099
188 9009900
189 90909
190 990090
191 99909999
192 9000000
193 99009
194 999000090
195 90090
196 990000900
197 9909000909
198 990
199 999000099
200 9000
201 9909099
202 9090
203 99090999
204 9990900
205 999990
206 999000090
207 990909
208 90090000
209 900999
210 90090
211 990900099
212 90009900
213 90099
214 9000900990
215 99099090
216 999000
217 90000099
218 90090909990
219 90009
220 9900
221 900999099
222 9990
223 9009999009
224 900900000
225 900
226 90990990
227 99009909
228 9900900
229 90000900099
230 9909090
231 9009
232 9909909000
233 999990099
234 90090
235 900990
236 9909999900
237 90090099
238 9009990990
239 9999999
240 90000
241 999909
242 990990
243 9909999999
244 90090900
245 99000090
246 999990
247 9000000009
248 999099000
249 909099
250 9000
251 990009009
252 900900
253 99999009
254 990900990
255 999090
256 900000000
257 909009
258 99099090
259 90909
260 900900
261 9909909
262 9090090
263 90009909
264 99000
265 9000990
266 999099990
267 99090909
268 990909900
269 900900099
270 9990
271 99999
272 999090000
273 9009
274 900090
275 9900
276 99090900
277 990999909
278 9909909090
279 999099
280 9009000
281 909000999
282 900990
283 90090999099
284 9009900
285 990090
286 90090
287 9099909
288 900000
289 9900990009
290 99099090
291 99900009
292 9000900
293 990000999
294 99000090
295 990999990
296 999000
297 999999
298 9909990
299 90090909909
300 900
301 9909009999
302 99900090
303 909
304 990090000
305 9009090
306 999090
307 90009900099
308 900900
309 99900009
310 9990990
311 909090009
312 9009000
313 99009099
314 909099090990
315 90090
316 9009009900
317 9000000999999
318 9000990
319 999909009
320 9000000
321 900090099
322 999099990
323 99090909
324 99999999900
325 900900
326 90909990
327 9009090999
328 99999000
329 99990009
330 990
331 999099999
332 90909900
333 999
334 999990990
335 99090990
336 90090000
337 9099
338 909999090
339 9099099
340 9990900
341 99009009
342 990090
343 9900009
344 9909909000
345 9909090
346 90990099090
347 9090999909
348 990990900
349 9900900009
350 900900
351 90909
352 9900000
353 90909909009
354 990999990
355 900990
356 9909090900
357 900999099
358 990909990
359 9009090999
360 9000
361 99909999
362 90099990
363 99099
364 900900
365 900090
366 9009090
367 9909
368 9909090000
369 99999
370 9990
371 900999099
372 99909900
373 909099099
374 90090990
375 9000
376 90099000
377 99900099
378 909090
379 900909909
380 9900900
381 99090099
382 999099990
383 99090909
384 90000000
385 90090
386 990090
387 9909909
388 9990000900
389 9099099
390 90090
391 990999000909
392 9900009000
393 909009
394 99090009090
395 900900990
396 9900
397 99090009
398 9990000990
399 99909999
400 90000
401 9999099009
402 99090990
403 999009999
404 90900
405 9999999990
406 990909990
407 999999
408 99909000
409 9900009009
410 999990
411 90009
412 9990000900
413 99909900909
414 9909090
415 9090990
416 900900000
417 990990909
418 9009990
419 90009999
420 900900
421 900990099
422 9909000990
423 90099
424 900099000
425 9990900
426 900990
427 9090090009
428 90009009900
429 9009
430 99099090
431 909900909
432 9990000
433 90009009
434 900000990
435 99099090
436 900909099900
437 99909999
438 900090
439 90009900099
440 99000
441 9900009
442 9009990990
443 990000009
444 99900
445 990909090
446 90099990090
447 990999
448 9009000000
449 999900999
450 900
451 9999999999
452 909909900
453 9990009
454 990099090
455 90090
456 99009000
457 9009909009
458 900009000990
459 900099
460 99090900
461 999909
462 90090
463 990900099
464 99099090000
465 9990990
466 9999900990
467 900000999
468 900900
469 9900900009
470 900990
471 90909909099
472 99099999000
473 999999099
474 900900990
475 9900900
476 90099909900
477 900099
478 99999990
479 900999
480 900000
481 90909
482 9999090
483 99909999
484 9909900
485 999000090
486 99099999990
487 9900990999
488 900909000
489 9090999
490 99000090
491 900909090909
492 9999900
493 999909009
494 90000000090
495 990
496 9990990000
497 99000909
498 9090990
499 99900000099
500 9000
