Row 1
Senna
Schumacher
Row 2
Barrichello

Row 1
Senna
Fangio
Row 2
Schumacher
Barrichello

Row 1
ABadPilot
BadPilot

Row 1
Senna
Fangio
Row 2
M.Schumacher
R.Schumacher
Row 3
Barrichello

Row 1
team-2
team-3
Row 2
M.Schumacher
R.Schumacher
Row 3
team-1

Row 1
team-2
team-3
Row 2
M.Schumacher
R.Schumacher
Row 3
team-1

Row 1
Senna
Senna
Row 2
Fangio
Fangio
Row 3
M.Schumacher
M.Schumacher
Row 4
R.Schumacher
R.Schumacher
Row 5
Barrichello
Barrichello

Row 1
Senna
Senna1
Row 2
Fangio
Fangio1
Row 3
M.Schumacher
M.Schumacher1
Row 4
R.Schumacher
R.Schumacher1
Row 5
Barrichello
Barrichello1

Row 1
Senna1
Senna2
Row 2
Fangio1
Fangio2
Row 3
M.Schumacher1
M.Schumacher2
Row 4
R.Schumacher1
R.Schumacher2
Row 5
Barrichello1
Barrichello2

Row 1
Senna1
Fangio1
Row 2
M.Schumacher1
R.Schumacher1
Row 3
Barrichello1
Barrichello2
Row 4
R.Schumacher2
M.Schumacher2
Row 5
Fangio2
Senna2

Row 1
Senna
Fangio
Row 2
M.Schumacher
R.Schumacher
Row 3
Barrichello
Barrichello
Row 4
R.Schumacher
M.Schumacher
Row 5
Fangio
Senna

Row 1
Senna
Fangio
Row 2
M.Schumacher
R.Schumacher
Row 3
Barrichello
Barrichello
Row 4
R.Schumacher
M.Schumacher
Row 5
Fangio
Senna
